Using pre-set license
Built from '2020.3/staging' branch; Version is '2020.3.19f1 (68f137dc9bbe) revision 6877495'; Using compiler version '192528614'; Build Type 'Release'
OS: 'Windows 10 Home; OS build 19042.1526; Version 2009; 64bit' Language: 'en' Physical Memory: 32498 MB
BatchMode: 1, IsHumanControllingUs: 0, StartBugReporterOnCrash: 0, Is64bit: 1, IsPro: 0

COMMAND LINE ARGUMENTS:
C:\Program Files\Unity\Hub\Editor\2020.3.19f1\Editor\Unity.exe
-adb2
-batchMode
-noUpm
-name
AssetImportWorker0
-projectPath
C:/Unity Projects/DragonNamedFigment
-logFile
Logs/AssetImportWorker0.log
-srvPort
61005
Successfully changed project path to: C:/Unity Projects/DragonNamedFigment
C:/Unity Projects/DragonNamedFigment
Using Asset Import Pipeline V2.
Unable to join player connection multicast group.
Refreshing native plugins compatible for Editor in 57.30 ms, found 2 plugins.
Preloading 0 native plugins for Editor in 0.00 ms.
Initialize engine version: 2020.3.19f1 (68f137dc9bbe)
[Subsystems] Discovering subsystems at path C:/Program Files/Unity/Hub/Editor/2020.3.19f1/Editor/Data/Resources/UnitySubsystems
[Subsystems] Discovering subsystems at path C:/Unity Projects/DragonNamedFigment/Assets
GfxDevice: creating device client; threaded=0
Direct3D:
    Version:  Direct3D 11.0 [level 11.1]
    Renderer: NVIDIA GeForce RTX 2070 Super (ID=0x1ed1)
    Vendor:   
    VRAM:     8012 MB
    Driver:   30.0.15.1179
Initialize mono
Mono path[0] = 'C:/Program Files/Unity/Hub/Editor/2020.3.19f1/Editor/Data/Managed'
Mono path[1] = 'C:/Program Files/Unity/Hub/Editor/2020.3.19f1/Editor/Data/MonoBleedingEdge/lib/mono/unityjit'
Mono config path = 'C:/Program Files/Unity/Hub/Editor/2020.3.19f1/Editor/Data/MonoBleedingEdge/etc'
Using monoOptions --debugger-agent=transport=dt_socket,embedding=1,server=y,suspend=n,address=127.0.0.1:56464
Begin MonoManager ReloadAssembly
Registering precompiled unity dll's ...
Register platform support module: C:/Program Files/Unity/Hub/Editor/2020.3.19f1/Editor/Data/PlaybackEngines/WebGLSupport/UnityEditor.WebGL.Extensions.dll
Register platform support module: C:/Program Files/Unity/Hub/Editor/2020.3.19f1/Editor/Data/PlaybackEngines/MacStandaloneSupport/UnityEditor.OSXStandalone.Extensions.dll
Register platform support module: C:/Program Files/Unity/Hub/Editor/2020.3.19f1/Editor/Data/PlaybackEngines/WindowsStandaloneSupport/UnityEditor.WindowsStandalone.Extensions.dll
Register platform support module: C:/Program Files/Unity/Hub/Editor/2020.3.19f1/Editor/Data/PlaybackEngines/LinuxStandaloneSupport/UnityEditor.LinuxStandalone.Extensions.dll
Registered in 0.003597 seconds.
Native extension for LinuxStandalone target not found
Native extension for WindowsStandalone target not found
Native extension for OSXStandalone target not found
Native extension for WebGL target not found
Refreshing native plugins compatible for Editor in 53.58 ms, found 2 plugins.
Preloading 0 native plugins for Editor in 0.00 ms.
Mono: successfully reloaded assembly
- Completed reload, in  2.235 seconds
Domain Reload Profiling:
	ReloadAssembly (2235ms)
		BeginReloadAssembly (49ms)
			ExecutionOrderSort (0ms)
			DisableScriptedObjects (0ms)
			BackupInstance (0ms)
			ReleaseScriptingObjects (0ms)
			CreateAndSetChildDomain (1ms)
		EndReloadAssembly (460ms)
			LoadAssemblies (48ms)
			RebuildTransferFunctionScriptingTraits (0ms)
			SetupTypeCache (170ms)
			ReleaseScriptCaches (0ms)
			RebuildScriptCaches (28ms)
			SetupLoadedEditorAssemblies (182ms)
				LogAssemblyErrors (0ms)
				InitializePlatformSupportModulesInManaged (7ms)
				SetLoadedEditorAssemblies (0ms)
				RefreshPlugins (54ms)
				BeforeProcessingInitializeOnLoad (15ms)
				ProcessInitializeOnLoadAttributes (76ms)
				ProcessInitializeOnLoadMethodAttributes (29ms)
				AfterProcessingInitializeOnLoad (0ms)
				EditorAssembliesLoaded (0ms)
			ExecutionOrderSort2 (0ms)
			AwakeInstancesAfterBackupRestoration (0ms)
Platform modules already initialized, skipping
Registering precompiled user dll's ...
Registered in 0.003622 seconds.
Begin MonoManager ReloadAssembly
Native extension for LinuxStandalone target not found
Native extension for WindowsStandalone target not found
Native extension for OSXStandalone target not found
Native extension for WebGL target not found
Refreshing native plugins compatible for Editor in 54.00 ms, found 2 plugins.
Preloading 0 native plugins for Editor in 0.00 ms.
Mono: successfully reloaded assembly
- Completed reload, in  1.205 seconds
Domain Reload Profiling:
	ReloadAssembly (1205ms)
		BeginReloadAssembly (141ms)
			ExecutionOrderSort (0ms)
			DisableScriptedObjects (4ms)
			BackupInstance (0ms)
			ReleaseScriptingObjects (0ms)
			CreateAndSetChildDomain (18ms)
		EndReloadAssembly (1005ms)
			LoadAssemblies (89ms)
			RebuildTransferFunctionScriptingTraits (0ms)
			SetupTypeCache (321ms)
			ReleaseScriptCaches (1ms)
			RebuildScriptCaches (56ms)
			SetupLoadedEditorAssemblies (413ms)
				LogAssemblyErrors (0ms)
				InitializePlatformSupportModulesInManaged (7ms)
				SetLoadedEditorAssemblies (0ms)
				RefreshPlugins (54ms)
				BeforeProcessingInitializeOnLoad (88ms)
				ProcessInitializeOnLoadAttributes (251ms)
				ProcessInitializeOnLoadMethodAttributes (6ms)
				AfterProcessingInitializeOnLoad (7ms)
				EditorAssembliesLoaded (0ms)
			ExecutionOrderSort2 (0ms)
			AwakeInstancesAfterBackupRestoration (6ms)
Platform modules already initialized, skipping
========================================================================
Worker process is ready to serve import requests
Launched and connected shader compiler UnityShaderCompiler.exe after 0.09 seconds
Refreshing native plugins compatible for Editor in 0.80 ms, found 2 plugins.
Preloading 0 native plugins for Editor in 0.00 ms.
Unloading 3146 Unused Serialized files (Serialized files now loaded: 0)
System memory in use before: 137.8 MB.
System memory in use after: 138.0 MB.

Unloading 20 unused Assets to reduce memory usage. Loaded Objects now: 3581.
Total: 5.446100 ms (FindLiveObjects: 0.754100 ms CreateObjectMapping: 0.886100 ms MarkObjects: 3.686300 ms  DeleteObjects: 0.117500 ms)

AssetImportParameters requested are different than current active one (requested -> active):
  custom:framework-win-MediaFoundation: 216162199b28c13a410421893ffa2e32 -> 
  custom:video-decoder-ogg-theora: a1e56fd34408186e4bbccfd4996cb3dc -> 
  custom:container-muxer-webm: aa71ff27fc2769a1b78a27578f13a17b -> 
  custom:container-demuxer-webm: 4f35f7cbe854078d1ac9338744f61a02 -> 
  custom:container-demuxer-ogg: 62fdf1f143b41e24485cea50d1cbac27 -> 
  custom:video-encoder-webm-vp8: eb34c28f22e8b96e1ab97ce403110664 -> 
  custom:video-decoder-webm-vp8: 9c59270c3fd7afecdb556c50c9e8de78 -> 
  custom:audio-decoder-ogg-vorbis: bf7c407c2cedff20999df2af8eb42d56 -> 
  custom:audio-encoder-webm-vorbis: bf7c407c2cedff20999df2af8eb42d56 -> 
========================================================================
Received Import Request.
  path: Assets/Art
  artifactKey: Guid(9dcb2ca7e3d8c89479a3f411732f1c23) Importer(815301076,1909f56bfc062723c751e8b465ee728b)
Start importing Assets/Art using Guid(9dcb2ca7e3d8c89479a3f411732f1c23) Importer(815301076,1909f56bfc062723c751e8b465ee728b)  -> (artifact id: '58f5d14f60dfe2ea5b671b76838f29fd') in 0.017213 seconds 
  Import took 0.025593 seconds .

========================================================================
Received Import Request.
  Time since last request: 7.693568 seconds.
  path: Assets/Art/Skyboxes
  artifactKey: Guid(cab6ecceda59452479bef862b5b61629) Importer(815301076,1909f56bfc062723c751e8b465ee728b)
Start importing Assets/Art/Skyboxes using Guid(cab6ecceda59452479bef862b5b61629) Importer(815301076,1909f56bfc062723c751e8b465ee728b)  -> (artifact id: 'a90164c3603ca375dad4685fb3d1f44a') in 0.007485 seconds 
  Import took 0.012198 seconds .

========================================================================
Received Import Request.
  Time since last request: 12.136935 seconds.
  path: Assets/Art/Models
  artifactKey: Guid(26a6793f85e834341ae957b49ad2196e) Importer(815301076,1909f56bfc062723c751e8b465ee728b)
Start importing Assets/Art/Models using Guid(26a6793f85e834341ae957b49ad2196e) Importer(815301076,1909f56bfc062723c751e8b465ee728b)  -> (artifact id: '8f7002e2af24728d99d1b71fc1c81eb6') in 0.006221 seconds 
  Import took 0.010839 seconds .

========================================================================
Received Import Request.
  Time since last request: 26.324453 seconds.
  path: Assets/Art/Textures
  artifactKey: Guid(9d0dd1d6566f7bd4da83229787ee1724) Importer(815301076,1909f56bfc062723c751e8b465ee728b)
Start importing Assets/Art/Textures using Guid(9d0dd1d6566f7bd4da83229787ee1724) Importer(815301076,1909f56bfc062723c751e8b465ee728b)  -> (artifact id: '8a4c597f8b82de6c462fd1e41927b8cc') in 0.005882 seconds 
  Import took 0.011009 seconds .

========================================================================
Received Import Request.
  Time since last request: 4.956609 seconds.
  path: Assets/Art/UI
  artifactKey: Guid(13b670797dcd0ec469979333e92a1650) Importer(815301076,1909f56bfc062723c751e8b465ee728b)
Start importing Assets/Art/UI using Guid(13b670797dcd0ec469979333e92a1650) Importer(815301076,1909f56bfc062723c751e8b465ee728b)  -> (artifact id: '29471d1a280c2998b7aaa4c11b41dc9c') in 0.009723 seconds 
  Import took 0.018918 seconds .

========================================================================
Received Import Request.
  Time since last request: 5.003408 seconds.
  path: Assets/Art/Fonts
  artifactKey: Guid(8c2a2ded9f6b2df43bcad8b4075b1b98) Importer(815301076,1909f56bfc062723c751e8b465ee728b)
Start importing Assets/Art/Fonts using Guid(8c2a2ded9f6b2df43bcad8b4075b1b98) Importer(815301076,1909f56bfc062723c751e8b465ee728b)  -> (artifact id: '4bb5d31d97eeaf1bf079c9a81a8d25ea') in 0.008595 seconds 
  Import took 0.013531 seconds .

========================================================================
Received Import Request.
  Time since last request: 369.349226 seconds.
  path: Assets
  artifactKey: Guid(00000000000000001000000000000000) Importer(815301076,1909f56bfc062723c751e8b465ee728b)
Start importing Assets using Guid(00000000000000001000000000000000) Importer(815301076,1909f56bfc062723c751e8b465ee728b)  -> (artifact id: '42d402b061de3733987d63b9cc3b64de') in 0.005177 seconds 
  Import took 0.011532 seconds .

========================================================================
Received Import Request.
  Time since last request: 4.949443 seconds.
  path: Assets/Audio
  artifactKey: Guid(3319f91c2d894dc40ad9b089e55e7a7e) Importer(815301076,1909f56bfc062723c751e8b465ee728b)
Start importing Assets/Audio using Guid(3319f91c2d894dc40ad9b089e55e7a7e) Importer(815301076,1909f56bfc062723c751e8b465ee728b)  -> (artifact id: '76bdd2084873472c0fa9adf9d14c3803') in 0.008483 seconds 
  Import took 0.017595 seconds .

========================================================================
Received Import Request.
  Time since last request: 4.987662 seconds.
  path: Assets/Audio/SFX
  artifactKey: Guid(10f2ad02c37d02842a539dd1ef9968d8) Importer(815301076,1909f56bfc062723c751e8b465ee728b)
Start importing Assets/Audio/SFX using Guid(10f2ad02c37d02842a539dd1ef9968d8) Importer(815301076,1909f56bfc062723c751e8b465ee728b)  -> (artifact id: '70b00e58c11e944604d4450fd5259e1a') in 0.005715 seconds 
  Import took 0.010190 seconds .

========================================================================
Received Import Request.
  Time since last request: 7.269846 seconds.
  path: Assets/Audio/Music
  artifactKey: Guid(f4f578b7c9b38d44da6717c7031a6672) Importer(815301076,1909f56bfc062723c751e8b465ee728b)
Start importing Assets/Audio/Music using Guid(f4f578b7c9b38d44da6717c7031a6672) Importer(815301076,1909f56bfc062723c751e8b465ee728b)  -> (artifact id: '5d8551ac58bcff44cd984b71004530f3') in 0.005114 seconds 
  Import took 0.009936 seconds .

========================================================================
Received Import Request.
  Time since last request: 1015.989658 seconds.
  path: Assets/Prefabs
  artifactKey: Guid(f1899609cff9cb14c845a8164c1c463f) Importer(815301076,1909f56bfc062723c751e8b465ee728b)
Start importing Assets/Prefabs using Guid(f1899609cff9cb14c845a8164c1c463f) Importer(815301076,1909f56bfc062723c751e8b465ee728b)  -> (artifact id: '320db65cee1827b81bc6e12bb29d0f63') in 0.006466 seconds 
  Import took 0.013436 seconds .

========================================================================
Received Import Request.
  Time since last request: 52.560939 seconds.
  path: Assets/Scripts
  artifactKey: Guid(02a3527b6b33a924e8ec66aa805ea717) Importer(815301076,1909f56bfc062723c751e8b465ee728b)
Start importing Assets/Scripts using Guid(02a3527b6b33a924e8ec66aa805ea717) Importer(815301076,1909f56bfc062723c751e8b465ee728b)  -> (artifact id: 'f0a913a0049096cde5d6a727232f232f') in 0.005857 seconds 
  Import took 0.010619 seconds .

========================================================================
Received Import Request.
  Time since last request: 3.587834 seconds.
  path: Assets/Scripts/Inputy
  artifactKey: Guid(079900a0337504b4bb92d3c3d5c007e5) Importer(815301076,1909f56bfc062723c751e8b465ee728b)
Start importing Assets/Scripts/Inputy using Guid(079900a0337504b4bb92d3c3d5c007e5) Importer(815301076,1909f56bfc062723c751e8b465ee728b)  -> (artifact id: 'ed740dfa66ce119c8a2d6ca37d894c19') in 0.006100 seconds 
  Import took 0.010864 seconds .

========================================================================
Received Import Request.
  Time since last request: 5.432639 seconds.
  path: Assets/Scripts/Input
  artifactKey: Guid(079900a0337504b4bb92d3c3d5c007e5) Importer(815301076,1909f56bfc062723c751e8b465ee728b)
Start importing Assets/Scripts/Input using Guid(079900a0337504b4bb92d3c3d5c007e5) Importer(815301076,1909f56bfc062723c751e8b465ee728b)  -> (artifact id: '1822c6cb7526997e9ed95deae1e404d1') in 0.006001 seconds 
  Import took 0.010689 seconds .

========================================================================
Received Import Request.
  Time since last request: 91.445268 seconds.
  path: Assets/Scripts/Input/InputReader.cs
  artifactKey: Guid(56ecd57db0180fc498b0a0bd126500c8) Importer(815301076,1909f56bfc062723c751e8b465ee728b)
Start importing Assets/Scripts/Input/InputReader.cs using Guid(56ecd57db0180fc498b0a0bd126500c8) Importer(815301076,1909f56bfc062723c751e8b465ee728b)  -> (artifact id: '7c4e0f2951cd9e8961779b688b82e05a') in 0.028184 seconds 
  Import took 0.034863 seconds .

========================================================================
Received Prepare
Registering precompiled user dll's ...
Registered in 0.003163 seconds.
Begin MonoManager ReloadAssembly
Native extension for LinuxStandalone target not found
Native extension for WindowsStandalone target not found
Native extension for OSXStandalone target not found
Native extension for WebGL target not found
Refreshing native plugins compatible for Editor in 0.66 ms, found 2 plugins.
Preloading 0 native plugins for Editor in 0.00 ms.
Mono: successfully reloaded assembly
- Completed reload, in  1.150 seconds
Domain Reload Profiling:
	ReloadAssembly (1150ms)
		BeginReloadAssembly (142ms)
			ExecutionOrderSort (0ms)
			DisableScriptedObjects (7ms)
			BackupInstance (0ms)
			ReleaseScriptingObjects (0ms)
			CreateAndSetChildDomain (42ms)
		EndReloadAssembly (935ms)
			LoadAssemblies (96ms)
			RebuildTransferFunctionScriptingTraits (0ms)
			SetupTypeCache (355ms)
			ReleaseScriptCaches (1ms)
			RebuildScriptCaches (43ms)
			SetupLoadedEditorAssemblies (332ms)
				LogAssemblyErrors (0ms)
				InitializePlatformSupportModulesInManaged (7ms)
				SetLoadedEditorAssemblies (0ms)
				RefreshPlugins (1ms)
				BeforeProcessingInitializeOnLoad (85ms)
				ProcessInitializeOnLoadAttributes (227ms)
				ProcessInitializeOnLoadMethodAttributes (3ms)
				AfterProcessingInitializeOnLoad (8ms)
				EditorAssembliesLoaded (0ms)
			ExecutionOrderSort2 (0ms)
			AwakeInstancesAfterBackupRestoration (11ms)
Platform modules already initialized, skipping
Refreshing native plugins compatible for Editor in 0.52 ms, found 2 plugins.
Preloading 0 native plugins for Editor in 0.00 ms.
Unloading 3036 Unused Serialized files (Serialized files now loaded: 0)
System memory in use before: 130.7 MB.
System memory in use after: 131.0 MB.

Unloading 13 unused Assets to reduce memory usage. Loaded Objects now: 3584.
Total: 3.260700 ms (FindLiveObjects: 0.315000 ms CreateObjectMapping: 0.182200 ms MarkObjects: 2.739500 ms  DeleteObjects: 0.022900 ms)

AssetImportParameters requested are different than current active one (requested -> active):
  custom:framework-win-MediaFoundation: 216162199b28c13a410421893ffa2e32 -> 
  custom:video-decoder-ogg-theora: a1e56fd34408186e4bbccfd4996cb3dc -> 
  custom:container-muxer-webm: aa71ff27fc2769a1b78a27578f13a17b -> 
  custom:container-demuxer-webm: 4f35f7cbe854078d1ac9338744f61a02 -> 
  custom:container-demuxer-ogg: 62fdf1f143b41e24485cea50d1cbac27 -> 
  custom:video-encoder-webm-vp8: eb34c28f22e8b96e1ab97ce403110664 -> 
  custom:video-decoder-webm-vp8: 9c59270c3fd7afecdb556c50c9e8de78 -> 
  custom:audio-decoder-ogg-vorbis: bf7c407c2cedff20999df2af8eb42d56 -> 
  custom:audio-encoder-webm-vorbis: bf7c407c2cedff20999df2af8eb42d56 -> 
========================================================================
Received Import Request.
  Time since last request: 338.499345 seconds.
  path: Assets/Settings/Rendering
  artifactKey: Guid(fffbe887174aaca4f970e051257bf3de) Importer(815301076,1909f56bfc062723c751e8b465ee728b)
Start importing Assets/Settings/Rendering using Guid(fffbe887174aaca4f970e051257bf3de) Importer(815301076,1909f56bfc062723c751e8b465ee728b)  -> (artifact id: '6910dcb306ac647e4cbaef3771dccd17') in 0.011717 seconds 
  Import took 0.016992 seconds .

========================================================================
Received Import Request.
  Time since last request: 1.306123 seconds.
  path: Assets/Settings/SampleSceneProfile.asset
  artifactKey: Guid(10fc4df2da32a41aaa32d77bc913491c) Importer(815301076,1909f56bfc062723c751e8b465ee728b)
Start importing Assets/Settings/SampleSceneProfile.asset using Guid(10fc4df2da32a41aaa32d77bc913491c) Importer(815301076,1909f56bfc062723c751e8b465ee728b)  -> (artifact id: 'd2b3f476ab718b1cf20d183dd9addfe7') in 0.061737 seconds 
  Import took 0.066733 seconds .

========================================================================
Received Import Request.
  Time since last request: 10.213489 seconds.
  path: Assets/Settings/Inputg
  artifactKey: Guid(21f824ed66ebcca46a3a89df5e9adb14) Importer(815301076,1909f56bfc062723c751e8b465ee728b)
Start importing Assets/Settings/Inputg using Guid(21f824ed66ebcca46a3a89df5e9adb14) Importer(815301076,1909f56bfc062723c751e8b465ee728b)  -> (artifact id: '51e91593ab838904a1911a7f5b3822da') in 0.007103 seconds 
  Import took 0.011762 seconds .

========================================================================
Received Import Request.
  Time since last request: 5.830558 seconds.
  path: Assets/Settings/Input
  artifactKey: Guid(21f824ed66ebcca46a3a89df5e9adb14) Importer(815301076,1909f56bfc062723c751e8b465ee728b)
Start importing Assets/Settings/Input using Guid(21f824ed66ebcca46a3a89df5e9adb14) Importer(815301076,1909f56bfc062723c751e8b465ee728b)  -> (artifact id: 'b84b2d3bc98e9aeae9b7c7fbdef78849') in 0.002400 seconds 
  Import took 0.007866 seconds .

========================================================================
Received Import Request.
  Time since last request: 676.790408 seconds.
  path: Assets/Settings/Input/New Controls.inputactions
  artifactKey: Guid(0aed9f1535d542a428507e32f4be404c) Importer(815301076,1909f56bfc062723c751e8b465ee728b)
Start importing Assets/Settings/Input/New Controls.inputactions using Guid(0aed9f1535d542a428507e32f4be404c) Importer(815301076,1909f56bfc062723c751e8b465ee728b)  -> (artifact id: 'eee0293702459888f014e5b36861d0ce') in 0.014168 seconds 
  Import took 0.020007 seconds .

========================================================================
Received Import Request.
  Time since last request: 5.093936 seconds.
  path: Assets/Settings/Input/GameInput.inputactions
  artifactKey: Guid(0aed9f1535d542a428507e32f4be404c) Importer(815301076,1909f56bfc062723c751e8b465ee728b)
Start importing Assets/Settings/Input/GameInput.inputactions using Guid(0aed9f1535d542a428507e32f4be404c) Importer(815301076,1909f56bfc062723c751e8b465ee728b)  -> (artifact id: 'c7e4340b808567e0475192df87a93531') in 0.003184 seconds 
  Import took 0.009512 seconds .

========================================================================
Received Import Request.
  Time since last request: 1113.626872 seconds.
  path: Assets/Settings/Input/GameInput.inputactions
  artifactKey: Guid(0aed9f1535d542a428507e32f4be404c) Importer(815301076,1909f56bfc062723c751e8b465ee728b)
Start importing Assets/Settings/Input/GameInput.inputactions using Guid(0aed9f1535d542a428507e32f4be404c) Importer(815301076,1909f56bfc062723c751e8b465ee728b)  -> (artifact id: '62918110525fcce6e8ac7f3ad4ddc9ff') in 0.007348 seconds 
  Import took 0.013859 seconds .

========================================================================
Received Import Request.
  Time since last request: 21.665897 seconds.
  path: Assets/Settings/Input/GameInput.inputactions
  artifactKey: Guid(0aed9f1535d542a428507e32f4be404c) Importer(815301076,1909f56bfc062723c751e8b465ee728b)
Start importing Assets/Settings/Input/GameInput.inputactions using Guid(0aed9f1535d542a428507e32f4be404c) Importer(815301076,1909f56bfc062723c751e8b465ee728b)  -> (artifact id: '34d776caa1b627785322f3c5852cb7b8') in 0.004233 seconds 
  Import took 0.009579 seconds .

========================================================================
Received Prepare
Registering precompiled user dll's ...
Registered in 0.003598 seconds.
Begin MonoManager ReloadAssembly
Native extension for LinuxStandalone target not found
Native extension for WindowsStandalone target not found
Native extension for OSXStandalone target not found
Native extension for WebGL target not found
Refreshing native plugins compatible for Editor in 0.50 ms, found 2 plugins.
Preloading 0 native plugins for Editor in 0.00 ms.
Mono: successfully reloaded assembly
- Completed reload, in  1.175 seconds
Domain Reload Profiling:
	ReloadAssembly (1175ms)
		BeginReloadAssembly (163ms)
			ExecutionOrderSort (0ms)
			DisableScriptedObjects (5ms)
			BackupInstance (0ms)
			ReleaseScriptingObjects (0ms)
			CreateAndSetChildDomain (62ms)
		EndReloadAssembly (930ms)
			LoadAssemblies (121ms)
			RebuildTransferFunctionScriptingTraits (0ms)
			SetupTypeCache (330ms)
			ReleaseScriptCaches (1ms)
			RebuildScriptCaches (42ms)
			SetupLoadedEditorAssemblies (343ms)
				LogAssemblyErrors (0ms)
				InitializePlatformSupportModulesInManaged (8ms)
				SetLoadedEditorAssemblies (0ms)
				RefreshPlugins (1ms)
				BeforeProcessingInitializeOnLoad (81ms)
				ProcessInitializeOnLoadAttributes (242ms)
				ProcessInitializeOnLoadMethodAttributes (3ms)
				AfterProcessingInitializeOnLoad (7ms)
				EditorAssembliesLoaded (0ms)
			ExecutionOrderSort2 (0ms)
			AwakeInstancesAfterBackupRestoration (9ms)
Platform modules already initialized, skipping
Refreshing native plugins compatible for Editor in 0.49 ms, found 2 plugins.
Preloading 0 native plugins for Editor in 0.00 ms.
Unloading 3037 Unused Serialized files (Serialized files now loaded: 0)
System memory in use before: 130.8 MB.
System memory in use after: 131.1 MB.

Unloading 13 unused Assets to reduce memory usage. Loaded Objects now: 3587.
Total: 4.291000 ms (FindLiveObjects: 0.460200 ms CreateObjectMapping: 0.284500 ms MarkObjects: 3.522300 ms  DeleteObjects: 0.022200 ms)

AssetImportParameters requested are different than current active one (requested -> active):
  custom:framework-win-MediaFoundation: 216162199b28c13a410421893ffa2e32 -> 
  custom:video-decoder-ogg-theora: a1e56fd34408186e4bbccfd4996cb3dc -> 
  custom:container-muxer-webm: aa71ff27fc2769a1b78a27578f13a17b -> 
  custom:container-demuxer-webm: 4f35f7cbe854078d1ac9338744f61a02 -> 
  custom:container-demuxer-ogg: 62fdf1f143b41e24485cea50d1cbac27 -> 
  custom:video-encoder-webm-vp8: eb34c28f22e8b96e1ab97ce403110664 -> 
  custom:video-decoder-webm-vp8: 9c59270c3fd7afecdb556c50c9e8de78 -> 
  custom:audio-decoder-ogg-vorbis: bf7c407c2cedff20999df2af8eb42d56 -> 
  custom:audio-encoder-webm-vorbis: bf7c407c2cedff20999df2af8eb42d56 -> 
========================================================================
Received Import Request.
  Time since last request: 6.788040 seconds.
  path: Assets/Scripts/Input/GameInput.cs
  artifactKey: Guid(7693182b9bf3de244bce91bda7d6ec11) Importer(815301076,1909f56bfc062723c751e8b465ee728b)
Start importing Assets/Scripts/Input/GameInput.cs using Guid(7693182b9bf3de244bce91bda7d6ec11) Importer(815301076,1909f56bfc062723c751e8b465ee728b)  -> (artifact id: 'd504d0199905e83aeb3058c321540afc') in 0.005282 seconds 
  Import took 0.009597 seconds .

========================================================================
Received Prepare
Registering precompiled user dll's ...
Registered in 0.004569 seconds.
Begin MonoManager ReloadAssembly
Native extension for LinuxStandalone target not found
Native extension for WindowsStandalone target not found
Native extension for OSXStandalone target not found
Native extension for WebGL target not found
Refreshing native plugins compatible for Editor in 0.62 ms, found 2 plugins.
Preloading 0 native plugins for Editor in 0.00 ms.
Mono: successfully reloaded assembly
- Completed reload, in  1.108 seconds
Domain Reload Profiling:
	ReloadAssembly (1109ms)
		BeginReloadAssembly (114ms)
			ExecutionOrderSort (0ms)
			DisableScriptedObjects (5ms)
			BackupInstance (0ms)
			ReleaseScriptingObjects (0ms)
			CreateAndSetChildDomain (36ms)
		EndReloadAssembly (928ms)
			LoadAssemblies (105ms)
			RebuildTransferFunctionScriptingTraits (0ms)
			SetupTypeCache (322ms)
			ReleaseScriptCaches (1ms)
			RebuildScriptCaches (45ms)
			SetupLoadedEditorAssemblies (333ms)
				LogAssemblyErrors (0ms)
				InitializePlatformSupportModulesInManaged (9ms)
				SetLoadedEditorAssemblies (0ms)
				RefreshPlugins (1ms)
				BeforeProcessingInitializeOnLoad (83ms)
				ProcessInitializeOnLoadAttributes (230ms)
				ProcessInitializeOnLoadMethodAttributes (3ms)
				AfterProcessingInitializeOnLoad (7ms)
				EditorAssembliesLoaded (0ms)
			ExecutionOrderSort2 (0ms)
			AwakeInstancesAfterBackupRestoration (9ms)
Platform modules already initialized, skipping
Refreshing native plugins compatible for Editor in 0.68 ms, found 2 plugins.
Preloading 0 native plugins for Editor in 0.00 ms.
Unloading 3037 Unused Serialized files (Serialized files now loaded: 0)
System memory in use before: 130.9 MB.
System memory in use after: 131.1 MB.

Unloading 13 unused Assets to reduce memory usage. Loaded Objects now: 3589.
Total: 5.337800 ms (FindLiveObjects: 0.341100 ms CreateObjectMapping: 0.255600 ms MarkObjects: 4.714700 ms  DeleteObjects: 0.024500 ms)

AssetImportParameters requested are different than current active one (requested -> active):
  custom:framework-win-MediaFoundation: 216162199b28c13a410421893ffa2e32 -> 
  custom:video-decoder-ogg-theora: a1e56fd34408186e4bbccfd4996cb3dc -> 
  custom:container-muxer-webm: aa71ff27fc2769a1b78a27578f13a17b -> 
  custom:container-demuxer-webm: 4f35f7cbe854078d1ac9338744f61a02 -> 
  custom:container-demuxer-ogg: 62fdf1f143b41e24485cea50d1cbac27 -> 
  custom:video-encoder-webm-vp8: eb34c28f22e8b96e1ab97ce403110664 -> 
  custom:video-decoder-webm-vp8: 9c59270c3fd7afecdb556c50c9e8de78 -> 
  custom:audio-decoder-ogg-vorbis: bf7c407c2cedff20999df2af8eb42d56 -> 
  custom:audio-encoder-webm-vorbis: bf7c407c2cedff20999df2af8eb42d56 -> 
========================================================================
Received Import Request.
  Time since last request: 687.772998 seconds.
  path: Assets/New Folder
  artifactKey: Guid(c302ebb493b85ce44bc05e744a4faf4c) Importer(815301076,1909f56bfc062723c751e8b465ee728b)
Start importing Assets/New Folder using Guid(c302ebb493b85ce44bc05e744a4faf4c) Importer(815301076,1909f56bfc062723c751e8b465ee728b)  -> (artifact id: 'ce0fe530f073a5823b3b045b93e4f4cf') in 0.016120 seconds 
  Import took 0.023255 seconds .

========================================================================
Received Import Request.
  Time since last request: 11.739441 seconds.
  path: Assets/Images
  artifactKey: Guid(c302ebb493b85ce44bc05e744a4faf4c) Importer(815301076,1909f56bfc062723c751e8b465ee728b)
Start importing Assets/Images using Guid(c302ebb493b85ce44bc05e744a4faf4c) Importer(815301076,1909f56bfc062723c751e8b465ee728b)  -> (artifact id: 'a05a0e9507d02b5340a56476e0192fe2') in 0.007021 seconds 
  Import took 0.012759 seconds .

========================================================================
Received Import Request.
  Time since last request: 112.392335 seconds.
  path: Assets/Images/Sketch.jpg
  artifactKey: Guid(72b25d7dda6ca4842b03ae7db197134c) Importer(815301076,1909f56bfc062723c751e8b465ee728b)
Start importing Assets/Images/Sketch.jpg using Guid(72b25d7dda6ca4842b03ae7db197134c) Importer(815301076,1909f56bfc062723c751e8b465ee728b)  -> (artifact id: 'cb85bbffbc6a4ad7c9b43ca24e433a0a') in 0.083113 seconds 
  Import took 0.087936 seconds .

